<?xml version="1.0" encoding="UTF-8"?>
<!-- Generated by org.testng.reporters.JUnitXMLReporter -->
<testsuite hostname="IP-C6134807" name="Default test" tests="2" failures="0" timestamp="13 Mar 2019 13:28:58 GMT" time="0.03" errors="0">
  <testcase name="@BeforeTest BrowserSelection" time="0.0" classname="AbrosiaReports.Zest.ReportNavigation">
    <failure type="org.testng.TestNGException" message="
Parameter &amp;apos;browser&amp;apos; is required by @Configuration on method BrowserSelection but has not been marked @Optional or defined
in D:\Users\snagaraj\AppData\Local\Temp\testng-eclipse-811354835\testng-customsuite.xml">
      <![CDATA[org.testng.TestNGException: 
Parameter 'browser' is required by @Configuration on method BrowserSelection but has not been marked @Optional or defined
in D:\Users\snagaraj\AppData\Local\Temp\testng-eclipse-811354835\testng-customsuite.xml
	at org.testng.internal.Parameters.createParameters(Parameters.java:155)
	at org.testng.internal.Parameters.createParameters(Parameters.java:355)
	at org.testng.internal.Parameters.createConfigurationParameters(Parameters.java:86)
	at org.testng.internal.Invoker.invokeConfigurations(Invoker.java:199)
	at org.testng.internal.Invoker.invokeConfigurations(Invoker.java:138)
	at org.testng.TestRunner.beforeRun(TestRunner.java:641)
	at org.testng.TestRunner.run(TestRunner.java:609)
	at org.testng.SuiteRunner.runTest(SuiteRunner.java:334)
	at org.testng.SuiteRunner.runSequentially(SuiteRunner.java:329)
	at org.testng.SuiteRunner.privateRun(SuiteRunner.java:291)
	at org.testng.SuiteRunner.run(SuiteRunner.java:240)
	at org.testng.SuiteRunnerWorker.runSuite(SuiteRunnerWorker.java:52)
	at org.testng.SuiteRunnerWorker.run(SuiteRunnerWorker.java:86)
	at org.testng.TestNG.runSuitesSequentially(TestNG.java:1198)
	at org.testng.TestNG.runSuitesLocally(TestNG.java:1123)
	at org.testng.TestNG.run(TestNG.java:1031)
	at org.testng.remote.AbstractRemoteTestNG.run(AbstractRemoteTestNG.java:132)
	at org.testng.remote.RemoteTestNG.initAndRun(RemoteTestNG.java:236)
	at org.testng.remote.RemoteTestNG.main(RemoteTestNG.java:81)
]]>
    </failure>
  </testcase> <!-- @BeforeTest BrowserSelection -->
  <testcase name="@AfterTest afterTest" time="0.0" classname="AbrosiaReports.Zest.ReportNavigation">
    <skipped/>
  </testcase> <!-- @AfterTest afterTest -->
  <testcase name="AmbrosiaLogin" time="0.005" classname="AbrosiaReports.Zest.ReportNavigation">
    <skipped/>
  </testcase> <!-- AmbrosiaLogin -->
  <testcase name="LoginValidation2" time="0.001" classname="AbrosiaReports.Zest.ReportNavigation">
    <skipped/>
  </testcase> <!-- LoginValidation2 -->
</testsuite> <!-- Default test -->
